elite base input file is elite.in
---------------------------- nn= 5 ----------------------------
  nn=            5  del=   0.1999978261182633     
 (igam=1, stability check only, no growth rate calculation)
 Stability check is **INCONCLUSIVE**
---------------------------- nn= 10 ----------------------------
  nn=            5  del=   0.1999978261182633     
 (igam=1, stability check only, no growth rate calculation)
 Stability check is **INCONCLUSIVE**
---------------------------- nn= 15 ----------------------------
  nn=            5  del=   0.1999978261182633     
 (igam=1, stability check only, no growth rate calculation)
 Stability check is **INCONCLUSIVE**
---------------------------- nn= 20 ----------------------------
  nn=            5  del=   0.1999978261182633     
 (igam=1, stability check only, no growth rate calculation)
 Stability check is **INCONCLUSIVE**
---------------------------- nn= 25 ----------------------------
  nn=            5  del=   0.1999978261182633     
 (igam=1, stability check only, no growth rate calculation)
 Stability check is **INCONCLUSIVE**
---------------------------- nn= 30 ----------------------------
  nn=            5  del=   0.1999978261182633     
 (igam=1, stability check only, no growth rate calculation)
 Stability check is **INCONCLUSIVE**
